<?xml version="1.0" encoding="UTF-8"?>
<!-- Generated by org.testng.reporters.JUnitReportReporter -->
<testsuite skipped="1" hostname="MS-6" name="InitialDriverRegistration.securitaxLogin" tests="1" failures="0" timestamp="29 Nov 2018 09:00:26 GMT" time="0.000" errors="0">
  <testcase name="launchBrowser" time="0.000" classname="InitialDriverRegistration.securitaxLogin">
    <skipped/>
  </testcase> <!-- launchBrowser -->
</testsuite> <!-- InitialDriverRegistration.securitaxLogin -->
