<?xml version="1.0" encoding="UTF-8"?>
<!-- Generated by org.testng.reporters.JUnitReportReporter -->
<testsuite hostname="admin-PC-1" failures="0" tests="1" name="Sigma.CashcustomerCreation" time="142.352" errors="0" timestamp="13 Jan 2020 07:08:39 GMT">
  <testcase classname="Sigma.CashcustomerCreation" name="Cashcustomer" time="142.352"/>
</testsuite> <!-- Sigma.CashcustomerCreation -->
