<?xml version="1.0" encoding="UTF-8"?>
<!-- Generated by org.testng.reporters.JUnitReportReporter -->
<testsuite hostname="admin-PC-1" failures="0" tests="1" name="TestNGLearning.LoggerDemo" time="3.708" errors="0" timestamp="10 Oct 2019 09:27:22 GMT">
  <testcase classname="TestNGLearning.LoggerDemo" name="Login1" time="3.708"/>
</testsuite> <!-- TestNGLearning.LoggerDemo -->
