<?xml version="1.0" encoding="UTF-8"?>
<!-- Generated by org.testng.reporters.JUnitReportReporter -->
<testsuite skipped="0" hostname="MS-6" name="InitialDriverRegistration.initialregistration" tests="2" failures="0" timestamp="22 Nov 2018 13:09:32 GMT" time="124.772" errors="0">
  <testcase name="Login" time="18.580" classname="InitialDriverRegistration.initialregistration"/>
  <testcase name="InitialReg" time="106.192" classname="InitialDriverRegistration.initialregistration"/>
</testsuite> <!-- InitialDriverRegistration.initialregistration -->
