<?xml version="1.0" encoding="UTF-8"?>
<!-- Generated by org.testng.reporters.JUnitReportReporter -->
<testsuite hostname="admin-PC-1" failures="0" tests="1" name="Sigma.PackageCreation" time="85.629" errors="0" timestamp="21 Jan 2020 09:43:02 GMT">
  <testcase classname="Sigma.PackageCreation" name="Package" time="85.629"/>
</testsuite> <!-- Sigma.PackageCreation -->
