<?xml version="1.0" encoding="UTF-8"?>
<!-- Generated by org.testng.reporters.JUnitReportReporter -->
<testsuite hostname="admin-PC-1" failures="0" tests="1" name="Sigma.stockManagement" time="33.516" errors="0" timestamp="24 Jun 2020 04:14:30 GMT">
  <testcase classname="Sigma.stockManagement" name="stockMovemet" time="33.516"/>
</testsuite> <!-- Sigma.stockManagement -->
