<?xml version="1.0" encoding="UTF-8"?>
<!-- Generated by org.testng.reporters.JUnitReportReporter -->
<testsuite hostname="admin-PC-1" failures="0" tests="3" name="Sigma.SigmaOrder" time="139.212" errors="0" timestamp="20 Jan 2020 13:36:35 GMT">
  <testcase classname="Sigma.SigmaOrder" name="sigmaorder" time="103.240"/>
  <testcase classname="Sigma.SigmaOrder" name="sigmaorderline" time="25.756"/>
  <testcase classname="Sigma.SigmaOrder" name="sigmaordersave" time="10.216"/>
</testsuite> <!-- Sigma.SigmaOrder -->
